<?xml version="1.0" encoding="UTF-8"?>
<testsuite name="com.kinandcarta.healthcheck.HealthCheck.HealthCheckApplicationTests" tests="1" skipped="0" failures="0" errors="0" timestamp="2022-11-08T21:29:52" hostname="Fabio-Quimbay" time="0.505">
  <properties/>
  <testcase name="contextLoads()" classname="com.kinandcarta.healthcheck.HealthCheck.HealthCheckApplicationTests" time="0.505"/>
  <system-out><![CDATA[16:29:47.975 [Test worker] DEBUG org.springframework.test.context.BootstrapUtils - Instantiating CacheAwareContextLoaderDelegate from class [org.springframework.test.context.cache.DefaultCacheAwareContextLoaderDelegate]
16:29:47.988 [Test worker] DEBUG org.springframework.test.context.BootstrapUtils - Instantiating BootstrapContext using constructor [public org.springframework.test.context.support.DefaultBootstrapContext(java.lang.Class,org.springframework.test.context.CacheAwareContextLoaderDelegate)]
16:29:48.034 [Test worker] DEBUG org.springframework.test.context.BootstrapUtils - Instantiating TestContextBootstrapper for test class [com.kinandcarta.healthcheck.HealthCheck.HealthCheckApplicationTests] from class [org.springframework.boot.test.context.SpringBootTestContextBootstrapper]
16:29:48.048 [Test worker] INFO org.springframework.boot.test.context.SpringBootTestContextBootstrapper - Neither @ContextConfiguration nor @ContextHierarchy found for test class [com.kinandcarta.healthcheck.HealthCheck.HealthCheckApplicationTests], using SpringBootContextLoader
16:29:48.054 [Test worker] DEBUG org.springframework.test.context.support.AbstractContextLoader - Did not detect default resource location for test class [com.kinandcarta.healthcheck.HealthCheck.HealthCheckApplicationTests]: class path resource [com/kinandcarta/healthcheck/HealthCheck/HealthCheckApplicationTests-context.xml] does not exist
16:29:48.055 [Test worker] DEBUG org.springframework.test.context.support.AbstractContextLoader - Did not detect default resource location for test class [com.kinandcarta.healthcheck.HealthCheck.HealthCheckApplicationTests]: class path resource [com/kinandcarta/healthcheck/HealthCheck/HealthCheckApplicationTestsContext.groovy] does not exist
16:29:48.055 [Test worker] INFO org.springframework.test.context.support.AbstractContextLoader - Could not detect default resource locations for test class [com.kinandcarta.healthcheck.HealthCheck.HealthCheckApplicationTests]: no resource found for suffixes {-context.xml, Context.groovy}.
16:29:48.056 [Test worker] INFO org.springframework.test.context.support.AnnotationConfigContextLoaderUtils - Could not detect default configuration classes for test class [com.kinandcarta.healthcheck.HealthCheck.HealthCheckApplicationTests]: HealthCheckApplicationTests does not declare any static, non-private, non-final, nested classes annotated with @Configuration.
16:29:48.111 [Test worker] DEBUG org.springframework.test.context.support.ActiveProfilesUtils - Could not find an 'annotation declaring class' for annotation type [org.springframework.test.context.ActiveProfiles] and class [com.kinandcarta.healthcheck.HealthCheck.HealthCheckApplicationTests]
16:29:48.193 [Test worker] DEBUG org.springframework.context.annotation.ClassPathScanningCandidateComponentProvider - Identified candidate component class: file [/Users/fabio/IdeaProjects/HealthCheck/build/classes/java/main/com/kinandcarta/healthcheck/HealthCheck/HealthCheckApplication.class]
16:29:48.198 [Test worker] INFO org.springframework.boot.test.context.SpringBootTestContextBootstrapper - Found @SpringBootConfiguration com.kinandcarta.healthcheck.HealthCheck.HealthCheckApplication for test class com.kinandcarta.healthcheck.HealthCheck.HealthCheckApplicationTests
16:29:48.291 [Test worker] DEBUG org.springframework.boot.test.context.SpringBootTestContextBootstrapper - @TestExecutionListeners is not present for class [com.kinandcarta.healthcheck.HealthCheck.HealthCheckApplicationTests]: using defaults.
16:29:48.291 [Test worker] INFO org.springframework.boot.test.context.SpringBootTestContextBootstrapper - Loaded default TestExecutionListener class names from location [META-INF/spring.factories]: [org.springframework.boot.test.autoconfigure.restdocs.RestDocsTestExecutionListener, org.springframework.boot.test.autoconfigure.web.client.MockRestServiceServerResetTestExecutionListener, org.springframework.boot.test.autoconfigure.web.servlet.MockMvcPrintOnlyOnFailureTestExecutionListener, org.springframework.boot.test.autoconfigure.web.servlet.WebDriverTestExecutionListener, org.springframework.boot.test.autoconfigure.webservices.client.MockWebServiceServerTestExecutionListener, org.springframework.boot.test.mock.mockito.MockitoTestExecutionListener, org.springframework.boot.test.mock.mockito.ResetMocksTestExecutionListener, org.springframework.test.context.web.ServletTestExecutionListener, org.springframework.test.context.support.DirtiesContextBeforeModesTestExecutionListener, org.springframework.test.context.event.ApplicationEventsTestExecutionListener, org.springframework.test.context.support.DependencyInjectionTestExecutionListener, org.springframework.test.context.support.DirtiesContextTestExecutionListener, org.springframework.test.context.transaction.TransactionalTestExecutionListener, org.springframework.test.context.jdbc.SqlScriptsTestExecutionListener, org.springframework.test.context.event.EventPublishingTestExecutionListener]
16:29:48.304 [Test worker] DEBUG org.springframework.boot.test.context.SpringBootTestContextBootstrapper - Skipping candidate TestExecutionListener [org.springframework.test.context.transaction.TransactionalTestExecutionListener] due to a missing dependency. Specify custom listener classes or make the default listener classes and their required dependencies available. Offending class: [org/springframework/transaction/interceptor/TransactionAttributeSource]
16:29:48.304 [Test worker] DEBUG org.springframework.boot.test.context.SpringBootTestContextBootstrapper - Skipping candidate TestExecutionListener [org.springframework.test.context.jdbc.SqlScriptsTestExecutionListener] due to a missing dependency. Specify custom listener classes or make the default listener classes and their required dependencies available. Offending class: [org/springframework/transaction/interceptor/TransactionAttribute]
16:29:48.305 [Test worker] INFO org.springframework.boot.test.context.SpringBootTestContextBootstrapper - Using TestExecutionListeners: [org.springframework.test.context.web.ServletTestExecutionListener@4febb875, org.springframework.test.context.support.DirtiesContextBeforeModesTestExecutionListener@25e2a451, org.springframework.test.context.event.ApplicationEventsTestExecutionListener@1698ee84, org.springframework.boot.test.mock.mockito.MockitoTestExecutionListener@10c626be, org.springframework.boot.test.autoconfigure.SpringBootDependencyInjectionTestExecutionListener@2fc0cc3, org.springframework.test.context.support.DirtiesContextTestExecutionListener@328cf0e1, org.springframework.test.context.event.EventPublishingTestExecutionListener@63b1d4fa, org.springframework.boot.test.autoconfigure.restdocs.RestDocsTestExecutionListener@42e3ede4, org.springframework.boot.test.autoconfigure.web.client.MockRestServiceServerResetTestExecutionListener@201b6b6f, org.springframework.boot.test.autoconfigure.web.servlet.MockMvcPrintOnlyOnFailureTestExecutionListener@75459c75, org.springframework.boot.test.autoconfigure.web.servlet.WebDriverTestExecutionListener@183e8023, org.springframework.boot.test.autoconfigure.webservices.client.MockWebServiceServerTestExecutionListener@45efc20d, org.springframework.boot.test.mock.mockito.ResetMocksTestExecutionListener@3e5499cc]
16:29:48.307 [Test worker] DEBUG org.springframework.test.context.support.AbstractDirtiesContextTestExecutionListener - Before test class: context [DefaultTestContext@5f031ebd testClass = HealthCheckApplicationTests, testInstance = [null], testMethod = [null], testException = [null], mergedContextConfiguration = [WebMergedContextConfiguration@4ee37ca3 testClass = HealthCheckApplicationTests, locations = '{}', classes = '{class com.kinandcarta.healthcheck.HealthCheck.HealthCheckApplication}', contextInitializerClasses = '[]', activeProfiles = '{}', propertySourceLocations = '{}', propertySourceProperties = '{org.springframework.boot.test.context.SpringBootTestContextBootstrapper=true}', contextCustomizers = set[org.springframework.boot.test.autoconfigure.actuate.metrics.MetricsExportContextCustomizerFactory$DisableMetricExportContextCustomizer@436c81a3, org.springframework.boot.test.autoconfigure.properties.PropertyMappingContextCustomizer@0, org.springframework.boot.test.autoconfigure.web.servlet.WebDriverContextCustomizerFactory$Customizer@45a37759, org.springframework.boot.test.context.filter.ExcludeFilterContextCustomizer@1838ccb8, org.springframework.boot.test.json.DuplicateJsonObjectContextCustomizerFactory$DuplicateJsonObjectContextCustomizer@4b213651, org.springframework.boot.test.mock.mockito.MockitoContextCustomizer@0, org.springframework.boot.test.web.client.TestRestTemplateContextCustomizer@181e731e, org.springframework.boot.test.context.SpringBootTestArgs@1, org.springframework.boot.test.context.SpringBootTestWebEnvironment@7c9d8e2], resourceBasePath = 'src/main/webapp', contextLoader = 'org.springframework.boot.test.context.SpringBootContextLoader', parent = [null]], attributes = map['org.springframework.test.context.web.ServletTestExecutionListener.activateListener' -> true]], class annotated with @DirtiesContext [false] with mode [null].

  .   ____          _            __ _ _
 /\\ / ___'_ __ _ _(_)_ __  __ _ \ \ \ \
( ( )\___ | '_ | '_| | '_ \/ _` | \ \ \ \
 \\/  ___)| |_)| | | | | || (_| |  ) ) ) )
  '  |____| .__|_| |_|_| |_\__, | / / / /
 =========|_|==============|___/=/_/_/_/
 :: Spring Boot ::                (v2.7.5)

2022-11-08 16:29:48.774  INFO 20402 --- [    Test worker] c.k.h.H.HealthCheckApplicationTests      : Starting HealthCheckApplicationTests using Java 17.0.5 on Fabio-Quimbay with PID 20402 (started by fabio in /Users/fabio/IdeaProjects/HealthCheck)
2022-11-08 16:29:48.778  INFO 20402 --- [    Test worker] c.k.h.H.HealthCheckApplicationTests      : No active profile set, falling back to 1 default profile: "default"
2022-11-08 16:29:52.041  INFO 20402 --- [    Test worker] o.s.b.a.e.web.EndpointLinksResolver      : Exposing 1 endpoint(s) beneath base path '/actuator'
2022-11-08 16:29:52.137  INFO 20402 --- [    Test worker] c.k.h.H.HealthCheckApplicationTests      : Started HealthCheckApplicationTests in 3.779 seconds (JVM running for 5.403)
]]></system-out>
  <system-err><![CDATA[]]></system-err>
</testsuite>
